<?xml version="1.0" encoding="UTF-8"?>
<testng-results skipped="0" failed="1" ignored="0" total="1" passed="0">
  <reporter-output>
    <line>
      <![CDATA[GrameenKoota]]>
    </line>
    <line>
      <![CDATA[validLogintest is FAILED]]>
    </line>
  </reporter-output>
  <suite name="Suite" duration-ms="24633" started-at="2019-04-25T05:44:59Z" finished-at="2019-04-25T05:45:24Z">
    <groups>
      <group name="Data_Upload">
        <method signature="Insurance_Upload_Test.Insurance_Upload()[pri:12, instance:script.Insurance_Upload_Test@5700d6b1]" name="Insurance_Upload" class="script.Insurance_Upload_Test"/>
      </group> <!-- Data_Upload -->
      <group name="smoke">
        <method signature="Claim_Approve_INOPS_CHK_Test.Claim_Approve_INOPSCHK()[pri:7, instance:script.Claim_Approve_INOPS_CHK_Test@3fee9989]" name="Claim_Approve_INOPSCHK" class="script.Claim_Approve_INOPS_CHK_Test"/>
        <method signature="Claim_Approve_INOPS_Test.Claim_Approve()[pri:6, instance:script.Claim_Approve_INOPS_Test@1e397ed7]" name="Claim_Approve" class="script.Claim_Approve_INOPS_Test"/>
        <method signature="Claim_Approve_OPMAN_Test.Claim_Approve()[pri:5, instance:script.Claim_Approve_OPMAN_Test@1ce92674]" name="Claim_Approve" class="script.Claim_Approve_OPMAN_Test"/>
        <method signature="Claim_Initiate_OPEX_Test.Claim_initiate()[pri:4, instance:script.Claim_Initiate_OPEX_Test@490ab905]" name="Claim_initiate" class="script.Claim_Initiate_OPEX_Test"/>
        <method signature="Settelement_Received_From_Insurer_Test.Received_From_Insurer()[pri:11, instance:script.Settelement_Received_From_Insurer_Test@4cf777e8]" name="Received_From_Insurer" class="script.Settelement_Received_From_Insurer_Test"/>
        <method signature="Settelement_insurance_Checker_Approve_Test.Insurance_Checker_Approve()[pri:9, instance:script.Settelement_insurance_Checker_Approve_Test@2f686d1f]" name="Insurance_Checker_Approve" class="script.Settelement_insurance_Checker_Approve_Test"/>
        <method signature="Settlement_Insurance_Maker_Approve_Test.Insurance_Maker_Approve()[pri:8, instance:script.Settlement_Insurance_Maker_Approve_Test@e45f292]" name="Insurance_Maker_Approve" class="script.Settlement_Insurance_Maker_Approve_Test"/>
        <method signature="Settlement_OPEX_SettledtoNominee_Test.Settled_To_Nominee()[pri:13, instance:script.Settlement_OPEX_SettledtoNominee_Test@31a5c39e]" name="Settled_To_Nominee" class="script.Settlement_OPEX_SettledtoNominee_Test"/>
        <method signature="Settlement_Sent_To_Insurer_Test.Sent_To_insurer()[pri:10, instance:script.Settlement_Sent_To_Insurer_Test@6fd02e5]" name="Sent_To_insurer" class="script.Settlement_Sent_To_Insurer_Test"/>
        <method signature="Settlement_Sent_To_Operation_Executive_Test.Sent_To_Insurer()[pri:12, instance:script.Settlement_Sent_To_Operation_Executive_Test@5f2108b5]" name="Sent_To_Insurer" class="script.Settlement_Sent_To_Operation_Executive_Test"/>
        <method signature="Settlement_Settled_To_Nominee_PendingAMConfirmation_Test.Settled_to_Nominee_pending_OM_Conf()[pri:14, instance:script.Settlement_Settled_To_Nominee_PendingAMConfirmation_Test@5bcab519]" name="Settled_to_Nominee_pending_OM_Conf" class="script.Settlement_Settled_To_Nominee_PendingAMConfirmation_Test"/>
        <method signature="ValidLogin_Test.validLogintest()[pri:1, instance:script.ValidLogin_Test@3f49dace]" name="validLogintest" class="script.ValidLogin_Test"/>
      </group> <!-- smoke -->
      <group name="Claim_Management">
        <method signature="Claim_Approve_INOPS_CHK_Test.Claim_Approve_INOPSCHK()[pri:7, instance:script.Claim_Approve_INOPS_CHK_Test@3fee9989]" name="Claim_Approve_INOPSCHK" class="script.Claim_Approve_INOPS_CHK_Test"/>
        <method signature="Claim_Approve_INOPS_Test.Claim_Approve()[pri:6, instance:script.Claim_Approve_INOPS_Test@1e397ed7]" name="Claim_Approve" class="script.Claim_Approve_INOPS_Test"/>
        <method signature="Claim_Approve_OPMAN_Test.Claim_Approve()[pri:5, instance:script.Claim_Approve_OPMAN_Test@1ce92674]" name="Claim_Approve" class="script.Claim_Approve_OPMAN_Test"/>
        <method signature="Claim_Initiate_OPEX_Test.Claim_initiate()[pri:4, instance:script.Claim_Initiate_OPEX_Test@490ab905]" name="Claim_initiate" class="script.Claim_Initiate_OPEX_Test"/>
      </group> <!-- Claim_Management -->
      <group name="login">
        <method signature="Invalid_Login_Test.testinvalidLogin()[pri:2, instance:script.Invalid_Login_Test@73ad2d6]" name="testinvalidLogin" class="script.Invalid_Login_Test"/>
        <method signature="Invalid_Login_Test1.testinvalidLogin1()[pri:3, instance:script.Invalid_Login_Test1@7085bdee]" name="testinvalidLogin1" class="script.Invalid_Login_Test1"/>
        <method signature="ValidLogin_Test.validLogintest()[pri:1, instance:script.ValidLogin_Test@3f49dace]" name="validLogintest" class="script.ValidLogin_Test"/>
      </group> <!-- login -->
      <group name="Settlement_Management">
        <method signature="Settelement_Received_From_Insurer_Test.Received_From_Insurer()[pri:11, instance:script.Settelement_Received_From_Insurer_Test@4cf777e8]" name="Received_From_Insurer" class="script.Settelement_Received_From_Insurer_Test"/>
        <method signature="Settelement_insurance_Checker_Approve_Test.Insurance_Checker_Approve()[pri:9, instance:script.Settelement_insurance_Checker_Approve_Test@2f686d1f]" name="Insurance_Checker_Approve" class="script.Settelement_insurance_Checker_Approve_Test"/>
        <method signature="Settlement_Insurance_Maker_Approve_Test.Insurance_Maker_Approve()[pri:8, instance:script.Settlement_Insurance_Maker_Approve_Test@e45f292]" name="Insurance_Maker_Approve" class="script.Settlement_Insurance_Maker_Approve_Test"/>
        <method signature="Settlement_OPEX_SettledtoNominee_Test.Settled_To_Nominee()[pri:13, instance:script.Settlement_OPEX_SettledtoNominee_Test@31a5c39e]" name="Settled_To_Nominee" class="script.Settlement_OPEX_SettledtoNominee_Test"/>
        <method signature="Settlement_Sent_To_Insurer_Test.Sent_To_insurer()[pri:10, instance:script.Settlement_Sent_To_Insurer_Test@6fd02e5]" name="Sent_To_insurer" class="script.Settlement_Sent_To_Insurer_Test"/>
        <method signature="Settlement_Sent_To_Operation_Executive_Test.Sent_To_Insurer()[pri:12, instance:script.Settlement_Sent_To_Operation_Executive_Test@5f2108b5]" name="Sent_To_Insurer" class="script.Settlement_Sent_To_Operation_Executive_Test"/>
        <method signature="Settlement_Settled_To_Nominee_PendingAMConfirmation_Test.Settled_to_Nominee_pending_OM_Conf()[pri:14, instance:script.Settlement_Settled_To_Nominee_PendingAMConfirmation_Test@5bcab519]" name="Settled_to_Nominee_pending_OM_Conf" class="script.Settlement_Settled_To_Nominee_PendingAMConfirmation_Test"/>
      </group> <!-- Settlement_Management -->
    </groups>
    <test name="Test" duration-ms="24633" started-at="2019-04-25T05:44:59Z" finished-at="2019-04-25T05:45:24Z">
      <class name="script.ValidLogin_Test">
        <test-method status="PASS" signature="openApp()[pri:0, instance:script.ValidLogin_Test@3f49dace]" name="openApp" is-config="true" duration-ms="11307" started-at="2019-04-25T05:44:59Z" finished-at="2019-04-25T05:45:11Z">
          <reporter-output>
          </reporter-output>
        </test-method> <!-- openApp -->
        <test-method status="FAIL" signature="validLogintest()[pri:1, instance:script.ValidLogin_Test@3f49dace]" name="validLogintest" duration-ms="12126" started-at="2019-04-25T05:45:11Z" finished-at="2019-04-25T05:45:23Z">
          <exception class="org.openqa.selenium.WebDriverException">
            <message>
              <![CDATA[Failed to find value field
Build info: version: '3.141.59', revision: 'e82be7d358', time: '2018-11-14T08:17:03'
System info: host: 'IXED-LAP0263', ip: '127.0.1.1', os.name: 'Linux', os.arch: 'amd64', os.version: '3.13.0-153-generic', java.version: '1.8.0_171'
Driver info: org.openqa.selenium.firefox.FirefoxDriver
Capabilities {acceptInsecureCerts: true, browserName: firefox, browserVersion: 61.0.1, javascriptEnabled: true, moz:accessibilityChecks: false, moz:headless: false, moz:processID: 5902, moz:profile: /tmp/rust_mozprofile.xBSS50..., moz:useNonSpecCompliantPointerOrigin: false, moz:webdriverClick: true, pageLoadStrategy: normal, platform: LINUX, platformName: LINUX, platformVersion: 3.13.0-153-generic, rotatable: false, timeouts: {implicit: 0, pageLoad: 300000, script: 30000}}
Session ID: 0d36c778-17ca-4209-b117-74d4f76d0500
*** Element info: {Using=xpath, value=//*[@id='btn_icon_icon-off']}]]>
            </message>
            <full-stacktrace>
              <![CDATA[org.openqa.selenium.WebDriverException: Failed to find value field
Build info: version: '3.141.59', revision: 'e82be7d358', time: '2018-11-14T08:17:03'
System info: host: 'IXED-LAP0263', ip: '127.0.1.1', os.name: 'Linux', os.arch: 'amd64', os.version: '3.13.0-153-generic', java.version: '1.8.0_171'
Driver info: org.openqa.selenium.firefox.FirefoxDriver
Capabilities {acceptInsecureCerts: true, browserName: firefox, browserVersion: 61.0.1, javascriptEnabled: true, moz:accessibilityChecks: false, moz:headless: false, moz:processID: 5902, moz:profile: /tmp/rust_mozprofile.xBSS50..., moz:useNonSpecCompliantPointerOrigin: false, moz:webdriverClick: true, pageLoadStrategy: normal, platform: LINUX, platformName: LINUX, platformVersion: 3.13.0-153-generic, rotatable: false, timeouts: {implicit: 0, pageLoad: 300000, script: 30000}}
Session ID: 0d36c778-17ca-4209-b117-74d4f76d0500
*** Element info: {Using=xpath, value=//*[@id='btn_icon_icon-off']}
at sun.reflect.NativeConstructorAccessorImpl.newInstance0(Native Method)
at sun.reflect.NativeConstructorAccessorImpl.newInstance(NativeConstructorAccessorImpl.java:62)
at sun.reflect.DelegatingConstructorAccessorImpl.newInstance(DelegatingConstructorAccessorImpl.java:45)
at java.lang.reflect.Constructor.newInstance(Constructor.java:423)
at org.openqa.selenium.remote.http.W3CHttpResponseCodec.createException(W3CHttpResponseCodec.java:187)
at org.openqa.selenium.remote.http.W3CHttpResponseCodec.decode(W3CHttpResponseCodec.java:122)
at org.openqa.selenium.remote.http.W3CHttpResponseCodec.decode(W3CHttpResponseCodec.java:49)
at org.openqa.selenium.remote.HttpCommandExecutor.execute(HttpCommandExecutor.java:158)
at org.openqa.selenium.remote.service.DriverCommandExecutor.execute(DriverCommandExecutor.java:83)
at org.openqa.selenium.remote.RemoteWebDriver.execute(RemoteWebDriver.java:552)
at org.openqa.selenium.remote.RemoteWebDriver.findElement(RemoteWebDriver.java:323)
at org.openqa.selenium.remote.RemoteWebDriver.findElementByXPath(RemoteWebDriver.java:428)
at org.openqa.selenium.By$ByXPath.findElement(By.java:353)
at org.openqa.selenium.remote.RemoteWebDriver.findElement(RemoteWebDriver.java:315)
at org.openqa.selenium.support.pagefactory.DefaultElementLocator.findElement(DefaultElementLocator.java:69)
at org.openqa.selenium.support.pagefactory.internal.LocatingElementHandler.invoke(LocatingElementHandler.java:38)
at com.sun.proxy.$Proxy9.click(Unknown Source)
at page.DashboardPage.clickLogout(DashboardPage.java:27)
at script.ValidLogin_Test.validLogintest(ValidLogin_Test.java:28)
at sun.reflect.NativeMethodAccessorImpl.invoke0(Native Method)
at sun.reflect.NativeMethodAccessorImpl.invoke(NativeMethodAccessorImpl.java:62)
at sun.reflect.DelegatingMethodAccessorImpl.invoke(DelegatingMethodAccessorImpl.java:43)
at java.lang.reflect.Method.invoke(Method.java:498)
at org.testng.internal.MethodInvocationHelper.invokeMethod(MethodInvocationHelper.java:124)
at org.testng.internal.Invoker.invokeMethod(Invoker.java:580)
at org.testng.internal.Invoker.invokeTestMethod(Invoker.java:716)
at org.testng.internal.Invoker.invokeTestMethods(Invoker.java:988)
at org.testng.internal.TestMethodWorker.invokeTestMethods(TestMethodWorker.java:125)
at org.testng.internal.TestMethodWorker.run(TestMethodWorker.java:109)
at org.testng.TestRunner.privateRun(TestRunner.java:648)
at org.testng.TestRunner.run(TestRunner.java:505)
at org.testng.SuiteRunner.runTest(SuiteRunner.java:455)
at org.testng.SuiteRunner.runSequentially(SuiteRunner.java:450)
at org.testng.SuiteRunner.privateRun(SuiteRunner.java:415)
at org.testng.SuiteRunner.run(SuiteRunner.java:364)
at org.testng.SuiteRunnerWorker.runSuite(SuiteRunnerWorker.java:52)
at org.testng.SuiteRunnerWorker.run(SuiteRunnerWorker.java:84)
at org.testng.TestNG.runSuitesSequentially(TestNG.java:1208)
at org.testng.TestNG.runSuitesLocally(TestNG.java:1137)
at org.testng.TestNG.runSuites(TestNG.java:1049)
at org.testng.TestNG.run(TestNG.java:1017)
at org.testng.remote.AbstractRemoteTestNG.run(AbstractRemoteTestNG.java:114)
at org.testng.remote.RemoteTestNG.initAndRun(RemoteTestNG.java:251)
at org.testng.remote.RemoteTestNG.main(RemoteTestNG.java:77)
]]>
            </full-stacktrace>
          </exception> <!-- org.openqa.selenium.WebDriverException -->
          <reporter-output>
            <line>
              <![CDATA[GrameenKoota]]>
            </line>
          </reporter-output>
        </test-method> <!-- validLogintest -->
        <test-method status="PASS" signature="closeApp(org.testng.ITestResult)[pri:0, instance:script.ValidLogin_Test@3f49dace]" name="closeApp" is-config="true" duration-ms="1122" started-at="2019-04-25T05:45:23Z" finished-at="2019-04-25T05:45:24Z">
          <params>
            <param index="0">
              <value>
                <![CDATA[[TestResult name=validLogintest status=FAILURE method=ValidLogin_Test.validLogintest()[pri:1, instance:script.ValidLogin_Test@3f49dace] output=GrameenKoota]]]>
              </value>
            </param>
          </params>
          <reporter-output>
            <line>
              <![CDATA[validLogintest is FAILED]]>
            </line>
          </reporter-output>
        </test-method> <!-- closeApp -->
      </class> <!-- script.ValidLogin_Test -->
    </test> <!-- Test -->
  </suite> <!-- Suite -->
</testng-results>
